  GallagDlg.cpp
D:\school\project\Gallag\GallagDlg.cpp(287,32): warning C4244: '인수': 'double'에서 'int'(으)로 변환하면서 데이터가 손실될 수 있습니다.
D:\school\project\Gallag\GallagDlg.cpp(290,66): warning C4244: '인수': 'double'에서 'int'(으)로 변환하면서 데이터가 손실될 수 있습니다.
D:\school\project\Gallag\GallagDlg.cpp(290,46): warning C4244: '인수': 'double'에서 'int'(으)로 변환하면서 데이터가 손실될 수 있습니다.
D:\school\project\Gallag\GallagDlg.cpp(303,54): warning C4244: '인수': 'double'에서 'int'(으)로 변환하면서 데이터가 손실될 수 있습니다.
D:\school\project\Gallag\GallagDlg.cpp(303,41): warning C4244: '인수': 'double'에서 'int'(으)로 변환하면서 데이터가 손실될 수 있습니다.
D:\school\project\Gallag\GallagDlg.cpp(395,20): warning C4018: '<': signed 또는 unsigned가 일치하지 않습니다.
D:\school\project\Gallag\GallagDlg.cpp(396,31): warning C4244: '=': 'double'에서 'int'(으)로 변환하면서 데이터가 손실될 수 있습니다.
D:\school\project\Gallag\GallagDlg.cpp(397,31): warning C4244: '=': 'double'에서 'int'(으)로 변환하면서 데이터가 손실될 수 있습니다.
D:\school\project\Gallag\GallagDlg.cpp(399,13): warning C4244: '초기화 중': 'double'에서 'int'(으)로 변환하면서 데이터가 손실될 수 있습니다.
D:\school\project\Gallag\GallagDlg.cpp(402,72): warning C4244: '인수': 'double'에서 'int'(으)로 변환하면서 데이터가 손실될 수 있습니다.
D:\school\project\Gallag\GallagDlg.cpp(410,73): warning C4244: '인수': 'double'에서 'int'(으)로 변환하면서 데이터가 손실될 수 있습니다.
D:\school\project\Gallag\GallagDlg.cpp(410,57): warning C4244: '인수': 'double'에서 'int'(으)로 변환하면서 데이터가 손실될 수 있습니다.
D:\school\project\Gallag\GallagDlg.cpp(410,41): warning C4244: '인수': 'double'에서 'int'(으)로 변환하면서 데이터가 손실될 수 있습니다.
D:\school\project\Gallag\GallagDlg.cpp(410,25): warning C4244: '인수': 'double'에서 'int'(으)로 변환하면서 데이터가 손실될 수 있습니다.
D:\school\project\Gallag\GallagDlg.cpp(417,27): warning C4244: '=': 'double'에서 'int'(으)로 변환하면서 데이터가 손실될 수 있습니다.
D:\school\project\Gallag\GallagDlg.cpp(418,27): warning C4244: '=': 'double'에서 'int'(으)로 변환하면서 데이터가 손실될 수 있습니다.
D:\school\project\Gallag\GallagDlg.cpp(419,83): warning C4244: '인수': 'double'에서 'int'(으)로 변환하면서 데이터가 손실될 수 있습니다.
D:\school\project\Gallag\GallagDlg.cpp(419,67): warning C4244: '인수': 'double'에서 'int'(으)로 변환하면서 데이터가 손실될 수 있습니다.
D:\school\project\Gallag\GallagDlg.cpp(426,55): warning C4244: '인수': 'double'에서 'int'(으)로 변환하면서 데이터가 손실될 수 있습니다.
D:\school\project\Gallag\GallagDlg.cpp(426,39): warning C4244: '인수': 'double'에서 'int'(으)로 변환하면서 데이터가 손실될 수 있습니다.
D:\school\project\Gallag\GallagDlg.cpp(434,123): warning C4244: '인수': 'double'에서 'int'(으)로 변환하면서 데이터가 손실될 수 있습니다.
D:\school\project\Gallag\GallagDlg.cpp(434,105): warning C4244: '인수': 'double'에서 'int'(으)로 변환하면서 데이터가 손실될 수 있습니다.
D:\school\project\Gallag\GallagDlg.cpp(434,86): warning C4244: '인수': 'double'에서 'int'(으)로 변환하면서 데이터가 손실될 수 있습니다.
D:\school\project\Gallag\GallagDlg.cpp(434,49): warning C4244: '인수': 'double'에서 'int'(으)로 변환하면서 데이터가 손실될 수 있습니다.
D:\school\project\Gallag\GallagDlg.cpp(451,48): warning C4244: '인수': 'double'에서 'int'(으)로 변환하면서 데이터가 손실될 수 있습니다.
D:\school\project\Gallag\GallagDlg.cpp(451,28): warning C4244: '인수': 'double'에서 'int'(으)로 변환하면서 데이터가 손실될 수 있습니다.
  코드를 생성하고 있습니다.
  3 of 394 functions ( 0.8%) were compiled, the rest were copied from previous compilation.
    0 functions were new in current compilation
    1 functions had inline decision re-evaluated but remain unchanged
  코드를 생성했습니다.
  Gallag.vcxproj -> D:\school\project\Gallag\Release\Gallag.exe
